[0;32m[2025-07-09 12:09:20][0m Checking repository status...
[0;32m[2025-07-09 12:11:34][0m Starting project sync...
[0;34m[INFO][0m Processing: bill_calculator
[0;34m[INFO][0m Syncing repository: bill_calculator
[0;34m[INFO][0m Stashed local changes in bill_calculator
[0;32m[2025-07-09 12:11:37][0m Pulled latest changes for bill_calculator
[0;34m[INFO][0m Restored stashed changes in bill_calculator
[0;32m[2025-07-09 12:11:37][0m Project sync completed!
[0;32m[2025-07-09 12:12:18][0m Checking repository status...
[0;32m[2025-07-09 12:12:27][0m Starting quick sync (non-interactive)...
[0;34m[INFO][0m Syncing repository: bill_calculator
[0;34m[INFO][0m Stashed local changes in bill_calculator
[0;32m[2025-07-09 12:12:29][0m Pulled latest changes for bill_calculator
[0;34m[INFO][0m Restored stashed changes in bill_calculator
[0;32m[2025-07-09 12:12:29][0m Quick sync completed!
[0;32m[2025-07-09 12:12:56][0m Starting quick sync (non-interactive)...
[0;34m[INFO][0m Syncing repository: bill_calculator
[0;34m[INFO][0m Stashed local changes in bill_calculator
[0;32m[2025-07-09 12:12:57][0m Pulled latest changes for bill_calculator
[0;34m[INFO][0m Restored stashed changes in bill_calculator
[0;32m[2025-07-09 12:12:57][0m Quick sync completed!
[0;32m[2025-07-09 12:28:00][0m Starting quick sync (non-interactive)...
[0;34m[INFO][0m Syncing repository: bill_calculator
[0;34m[INFO][0m Stashed local changes in bill_calculator
[0;32m[2025-07-09 12:28:01][0m Pulled latest changes for bill_calculator
[0;34m[INFO][0m Restored stashed changes in bill_calculator
[0;32m[2025-07-09 12:28:02][0m Quick sync completed!
[0;32m[2025-07-09 12:28:40][0m Starting project sync...
[0;34m[INFO][0m Processing: bill_calculator
[0;34m[INFO][0m Syncing repository: bill_calculator
[0;34m[INFO][0m Stashed local changes in bill_calculator
[0;32m[2025-07-09 12:28:42][0m Pulled latest changes for bill_calculator
[0;34m[INFO][0m Restored stashed changes in bill_calculator
[0;32m[2025-07-09 12:28:42][0m Project sync completed!
[0;32m[2025-07-09 12:28:54][0m Starting project sync...
[0;34m[INFO][0m Processing: bill_calculator
[0;34m[INFO][0m Syncing repository: bill_calculator
[0;34m[INFO][0m Stashed local changes in bill_calculator
[0;32m[2025-07-09 12:28:56][0m Pulled latest changes for bill_calculator
[0;34m[INFO][0m Restored stashed changes in bill_calculator
[0;32m[2025-07-09 12:28:56][0m Project sync completed!
[0;32m[2025-07-09 12:30:23][0m Starting quick sync (non-interactive)...
[0;34m[INFO][0m Syncing repository: bill_calculator
[0;34m[INFO][0m Stashed local changes in bill_calculator
[0;32m[2025-07-09 12:30:25][0m Pulled latest changes for bill_calculator
[0;34m[INFO][0m Restored stashed changes in bill_calculator
[0;32m[2025-07-09 12:30:25][0m Quick sync completed!
[0;32m[2025-07-09 12:32:47][0m Starting quick sync (non-interactive)...
[0;34m[INFO][0m Syncing repository: bill_calculator
[0;34m[INFO][0m Stashed local changes in bill_calculator
[0;32m[2025-07-09 12:32:49][0m Pulled latest changes for bill_calculator
[0;34m[INFO][0m Restored stashed changes in bill_calculator
[0;32m[2025-07-09 12:32:49][0m Quick sync completed!
[0;32m[2025-07-09 12:35:05][0m Starting quick sync (non-interactive)...
[0;34m[INFO][0m Syncing repository: bill_calculator
[0;34m[INFO][0m Stashed local changes in bill_calculator
[0;32m[2025-07-09 12:35:07][0m Pulled latest changes for bill_calculator
[0;34m[INFO][0m Restored stashed changes in bill_calculator
[0;34m[INFO][0m Syncing repository: bvm_98
[0;34m[INFO][0m Stashed local changes in bvm_98
[0;32m[2025-07-09 12:35:08][0m Pulled latest changes for bvm_98
[0;34m[INFO][0m Restored stashed changes in bvm_98
[0;34m[INFO][0m Syncing repository: bvmdeal
[0;32m[2025-07-09 12:35:09][0m Pulled latest changes for bvmdeal
[0;34m[INFO][0m Syncing repository: charger_calculator
[0;32m[2025-07-09 12:35:10][0m Pulled latest changes for charger_calculator
[0;34m[INFO][0m Syncing repository: coffee_orders
[0;34m[INFO][0m Stashed local changes in coffee_orders
[0;32m[2025-07-09 12:35:11][0m Pulled latest changes for coffee_orders
[0;34m[INFO][0m Restored stashed changes in coffee_orders
[0;34m[INFO][0m Syncing repository: evcompare
[0;32m[2025-07-09 12:35:12][0m Pulled latest changes for evcompare
[0;34m[INFO][0m Syncing repository: james
[0;32m[2025-07-09 12:35:13][0m Pulled latest changes for james
[0;34m[INFO][0m Syncing repository: MOT_Check
[0;32m[2025-07-09 12:35:14][0m Pulled latest changes for MOT_Check
[0;34m[INFO][0m Syncing repository: order_coffee
[0;32m[2025-07-09 12:35:15][0m Pulled latest changes for order_coffee
[0;32m[2025-07-09 12:35:15][0m Quick sync completed!
